# JRE version: OpenJDK Runtime Environment (11.0.8+10) (build 11.0.8+10-b944.6842174)
# Java VM: OpenJDK 64-Bit Server VM (11.0.8+10-b944.6842174, mixed mode, tiered, compressed oops, g1 gc, windows-amd64)
Heap:
 garbage-first heap   total 417792K, used 147473K [0x0000000080000000, 0x0000000100000000)
  region size 1024K, 2 young (2048K), 2 survivors (2048K)
 Metaspace       used 159477K, capacity 163122K, committed 163672K, reserved 1191936K
  class space    used 19585K, capacity 20858K, committed 20992K, reserved 1048576K
GC Heap History (20 events):
Event: 3228.251 GC heap after
{Heap after GC invocations=149 (full 0):
 garbage-first heap   total 270336K, used 143798K [0x0000000080000000, 0x0000000100000000)
  region size 1024K, 7 young (7168K), 7 survivors (7168K)
 Metaspace       used 146117K, capacity 149371K, committed 150872K, reserved 1181696K
  class space    used 17855K, capacity 19009K, committed 19456K, reserved 1048576K
}
Event: 3229.858 GC heap before
{Heap before GC invocations=149 (full 0):
 garbage-first heap   total 270336K, used 213430K [0x0000000080000000, 0x0000000100000000)
  region size 1024K, 76 young (77824K), 7 survivors (7168K)
 Metaspace       used 148068K, capacity 151347K, committed 152792K, reserved 1183744K
  class space    used 18080K, capacity 19216K, committed 19584K, reserved 1048576K
}
Event: 3229.872 GC heap after
{Heap after GC invocations=150 (full 0):
 garbage-first heap   total 270336K, used 142361K [0x0000000080000000, 0x0000000100000000)
  region size 1024K, 3 young (3072K), 3 survivors (3072K)
 Metaspace       used 148068K, capacity 151347K, committed 152792K, reserved 1183744K
  class space    used 18080K, capacity 19216K, committed 19584K, reserved 1048576K
}
Event: 3233.081 GC heap before
{Heap before GC invocations=150 (full 0):
 garbage-first heap   total 270336K, used 215065K [0x0000000080000000, 0x0000000100000000)
  region size 1024K, 75 young (76800K), 3 survivors (3072K)
 Metaspace       used 150590K, capacity 153875K, committed 155224K, reserved 1185792K
  class space    used 18390K, capacity 19543K, committed 19968K, reserved 1048576K
}
Event: 3233.291 GC heap after
{Heap after GC invocations=151 (full 0):
 garbage-first heap   total 270336K, used 144661K [0x0000000080000000, 0x0000000100000000)
  region size 1024K, 5 young (5120K), 5 survivors (5120K)
 Metaspace       used 150590K, capacity 153875K, committed 155224K, reserved 1185792K
  class space    used 18390K, capacity 19543K, committed 19968K, reserved 1048576K
}
Event: 3235.854 GC heap before
{Heap before GC invocations=152 (full 0):
 garbage-first heap   total 270336K, used 218389K [0x0000000080000000, 0x0000000100000000)
  region size 1024K, 78 young (79872K), 5 survivors (5120K)
 Metaspace       used 151496K, capacity 154833K, committed 156120K, reserved 1185792K
  class space    used 18508K, capacity 19671K, committed 20096K, reserved 1048576K
}
Event: 3235.894 GC heap after
{Heap after GC invocations=153 (full 0):
 garbage-first heap   total 270336K, used 147584K [0x0000000080000000, 0x0000000100000000)
  region size 1024K, 8 young (8192K), 8 survivors (8192K)
 Metaspace       used 151496K, capacity 154833K, committed 156120K, reserved 1185792K
  class space    used 18508K, capacity 19671K, committed 20096K, reserved 1048576K
}
Event: 3236.226 GC heap before
{Heap before GC invocations=153 (full 0):
 garbage-first heap   total 270336K, used 151680K [0x0000000080000000, 0x0000000100000000)
  region size 1024K, 13 young (13312K), 8 survivors (8192K)
 Metaspace       used 151548K, capacity 154981K, committed 156376K, reserved 1185792K
  class space    used 18509K, capacity 19673K, committed 20096K, reserved 1048576K
}
Event: 3237.118 GC heap after
{Heap after GC invocations=154 (full 0):
 garbage-first heap   total 270336K, used 132850K [0x0000000080000000, 0x0000000100000000)
  region size 1024K, 2 young (2048K), 2 survivors (2048K)
 Metaspace       used 151548K, capacity 154981K, committed 156376K, reserved 1185792K
  class space    used 18509K, capacity 19673K, committed 20096K, reserved 1048576K
}
Event: 3239.823 GC heap before
{Heap before GC invocations=154 (full 0):
 garbage-first heap   total 270336K, used 195314K [0x0000000080000000, 0x0000000100000000)
  region size 1024K, 62 young (63488K), 2 survivors (2048K)
 Metaspace       used 152447K, capacity 155874K, committed 156888K, reserved 1185792K
  class space    used 18645K, capacity 19831K, committed 20096K, reserved 1048576K
}
Event: 3239.842 GC heap after
{Heap after GC invocations=155 (full 0):
 garbage-first heap   total 270336K, used 136834K [0x0000000080000000, 0x0000000100000000)
  region size 1024K, 6 young (6144K), 6 survivors (6144K)
 Metaspace       used 152447K, capacity 155874K, committed 156888K, reserved 1185792K
  class space    used 18645K, capacity 19831K, committed 20096K, reserved 1048576K
}
Event: 3240.565 GC heap before
{Heap before GC invocations=155 (full 0):
 garbage-first heap   total 270336K, used 194178K [0x0000000080000000, 0x0000000100000000)
  region size 1024K, 63 young (64512K), 6 survivors (6144K)
 Metaspace       used 154472K, capacity 157953K, committed 158936K, reserved 1187840K
  class space    used 18895K, capacity 20092K, committed 20352K, reserved 1048576K
}
Event: 3240.744 GC heap after
{Heap after GC invocations=156 (full 0):
 garbage-first heap   total 270336K, used 148793K [0x0000000080000000, 0x0000000100000000)
  region size 1024K, 8 young (8192K), 8 survivors (8192K)
 Metaspace       used 154472K, capacity 157953K, committed 158936K, reserved 1187840K
  class space    used 18895K, capacity 20092K, committed 20352K, reserved 1048576K
}
Event: 3241.138 GC heap before
{Heap before GC invocations=156 (full 0):
 garbage-first heap   total 270336K, used 185657K [0x0000000080000000, 0x0000000100000000)
  region size 1024K, 44 young (45056K), 8 survivors (8192K)
 Metaspace       used 155072K, capacity 158581K, committed 159576K, reserved 1187840K
  class space    used 18975K, capacity 20199K, committed 20480K, reserved 1048576K
}
Event: 3241.188 GC heap after
{Heap after GC invocations=157 (full 0):
 garbage-first heap   total 270336K, used 153961K [0x0000000080000000, 0x0000000100000000)
  region size 1024K, 6 young (6144K), 6 survivors (6144K)
 Metaspace       used 155072K, capacity 158581K, committed 159576K, reserved 1187840K
  class space    used 18975K, capacity 20199K, committed 20480K, reserved 1048576K
}
Event: 3241.771 GC heap before
{Heap before GC invocations=158 (full 0):
 garbage-first heap   total 270336K, used 195945K [0x0000000080000000, 0x0000000100000000)
  region size 1024K, 50 young (51200K), 6 survivors (6144K)
 Metaspace       used 157065K, capacity 160691K, committed 161368K, reserved 1189888K
  class space    used 19314K, capacity 20566K, committed 20736K, reserved 1048576K
}
Event: 3241.800 GC heap after
{Heap after GC invocations=159 (full 0):
 garbage-first heap   total 270336K, used 159249K [0x0000000080000000, 0x0000000100000000)
  region size 1024K, 7 young (7168K), 7 survivors (7168K)
 Metaspace       used 157065K, capacity 160691K, committed 161368K, reserved 1189888K
  class space    used 19314K, capacity 20566K, committed 20736K, reserved 1048576K
}
Event: 3241.921 GC heap before
{Heap before GC invocations=159 (full 0):
 garbage-first heap   total 270336K, used 165393K [0x0000000080000000, 0x0000000100000000)
  region size 1024K, 13 young (13312K), 7 survivors (7168K)
 Metaspace       used 157732K, capacity 161353K, committed 162008K, reserved 1189888K
  class space    used 19427K, capacity 20679K, committed 20864K, reserved 1048576K
}
Event: 3241.961 GC heap after
{Heap after GC invocations=160 (full 0):
 garbage-first heap   total 270336K, used 147337K [0x0000000080000000, 0x0000000100000000)
  region size 1024K, 2 young (2048K), 2 survivors (2048K)
 Metaspace       used 157732K, capacity 161353K, committed 162008K, reserved 1189888K
  class space    used 19427K, capacity 20679K, committed 20864K, reserved 1048576K
}
Event: 3242.817 GC heap before
{Heap before GC invocations=160 (full 0):
 garbage-first heap   total 270336K, used 201609K [0x0000000080000000, 0x0000000100000000)
  region size 1024K, 55 young (56320K), 2 survivors (2048K)
 Metaspace       used 159477K, capacity 163122K, committed 163672K, reserved 1191936K
  class space    used 19585K, capacity 20858K, committed 20992K, reserved 1048576K
}

